1667338047.896849 client started (17067): version 3.3a, socket /private/tmp/tmux-501/default, protocol 8
1667338047.896957 on Darwin 22.1.0 Darwin Kernel Version 22.1.0: Sun Oct  9 20:14:30 PDT 2022; root:xnu-8792.41.9~2/RELEASE_ARM64_T8103
1667338047.897390 using libevent 2.1.12-stable (select); utf8proc 2.7.0; ncurses 6.3
1667338047.897476 flags are 0x10010000
1667338047.897501 socket is /private/tmp/tmux-501/default
1667338047.897533 trying connect
1667338047.897649 add peer 0x138008000: 6 (0x0)
1667338047.901783 sending message 100 to peer 0x138008000 (4 bytes)
1667338047.901833 sending message 111 to peer 0x138008000 (8 bytes)
1667338047.901846 sending message 101 to peer 0x138008000 (16 bytes)
1667338047.901858 sending message 109 to peer 0x138008000 (4 bytes)
1667338047.901870 sending message 102 to peer 0x138008000 (13 bytes)
1667338047.901881 sending message 108 to peer 0x138008000 (36 bytes)
1667338047.901893 sending message 112 to peer 0x138008000 (70 bytes)
1667338047.901904 sending message 112 to peer 0x138008000 (5 bytes)
1667338047.901916 sending message 112 to peer 0x138008000 (5 bytes)
1667338047.901928 sending message 112 to peer 0x138008000 (6 bytes)
1667338047.901939 sending message 112 to peer 0x138008000 (6 bytes)
1667338047.901950 sending message 112 to peer 0x138008000 (11 bytes)
1667338047.901962 sending message 112 to peer 0x138008000 (10 bytes)
1667338047.901973 sending message 112 to peer 0x138008000 (13 bytes)
1667338047.901984 sending message 112 to peer 0x138008000 (13 bytes)
1667338047.901995 sending message 112 to peer 0x138008000 (18 bytes)
1667338047.902007 sending message 112 to peer 0x138008000 (11 bytes)
1667338047.902018 sending message 112 to peer 0x138008000 (21 bytes)
1667338047.902029 sending message 112 to peer 0x138008000 (13 bytes)
1667338047.902041 sending message 112 to peer 0x138008000 (7 bytes)
1667338047.902052 sending message 112 to peer 0x138008000 (13 bytes)
1667338047.902063 sending message 112 to peer 0x138008000 (7 bytes)
1667338047.902074 sending message 112 to peer 0x138008000 (13 bytes)
1667338047.902085 sending message 112 to peer 0x138008000 (9 bytes)
1667338047.902097 sending message 112 to peer 0x138008000 (21 bytes)
1667338047.902108 sending message 112 to peer 0x138008000 (13 bytes)
1667338047.902119 sending message 112 to peer 0x138008000 (8 bytes)
1667338047.902131 sending message 112 to peer 0x138008000 (12 bytes)
1667338047.902142 sending message 112 to peer 0x138008000 (13 bytes)
1667338047.902154 sending message 112 to peer 0x138008000 (9 bytes)
1667338047.902166 sending message 112 to peer 0x138008000 (9 bytes)
1667338047.902177 sending message 112 to peer 0x138008000 (12 bytes)
1667338047.902188 sending message 112 to peer 0x138008000 (8 bytes)
1667338047.902199 sending message 112 to peer 0x138008000 (7 bytes)
1667338047.902211 sending message 112 to peer 0x138008000 (7 bytes)
1667338047.902222 sending message 112 to peer 0x138008000 (9 bytes)
1667338047.902233 sending message 112 to peer 0x138008000 (13 bytes)
1667338047.902245 sending message 112 to peer 0x138008000 (9 bytes)
1667338047.902256 sending message 112 to peer 0x138008000 (15 bytes)
1667338047.902268 sending message 112 to peer 0x138008000 (13 bytes)
1667338047.902279 sending message 112 to peer 0x138008000 (12 bytes)
1667338047.902291 sending message 112 to peer 0x138008000 (8 bytes)
1667338047.902302 sending message 112 to peer 0x138008000 (14 bytes)
1667338047.902313 sending message 112 to peer 0x138008000 (9 bytes)
1667338047.902325 sending message 112 to peer 0x138008000 (10 bytes)
1667338047.902337 sending message 112 to peer 0x138008000 (10 bytes)
1667338047.902348 sending message 112 to peer 0x138008000 (10 bytes)
1667338047.902359 sending message 112 to peer 0x138008000 (10 bytes)
1667338047.902371 sending message 112 to peer 0x138008000 (11 bytes)
1667338047.902383 sending message 112 to peer 0x138008000 (10 bytes)
1667338047.902394 sending message 112 to peer 0x138008000 (8 bytes)
1667338047.902405 sending message 112 to peer 0x138008000 (11 bytes)
1667338047.902417 sending message 112 to peer 0x138008000 (11 bytes)
1667338047.902453 sending message 112 to peer 0x138008000 (11 bytes)
1667338047.902461 sending message 112 to peer 0x138008000 (8 bytes)
1667338047.902469 sending message 112 to peer 0x138008000 (8 bytes)
1667338047.902476 sending message 112 to peer 0x138008000 (8 bytes)
1667338047.902484 sending message 112 to peer 0x138008000 (10 bytes)
1667338047.902492 sending message 112 to peer 0x138008000 (10 bytes)
1667338047.902499 sending message 112 to peer 0x138008000 (10 bytes)
1667338047.902507 sending message 112 to peer 0x138008000 (10 bytes)
1667338047.902514 sending message 112 to peer 0x138008000 (10 bytes)
1667338047.902522 sending message 112 to peer 0x138008000 (11 bytes)
1667338047.902529 sending message 112 to peer 0x138008000 (11 bytes)
1667338047.902537 sending message 112 to peer 0x138008000 (10 bytes)
1667338047.902545 sending message 112 to peer 0x138008000 (9 bytes)
1667338047.902552 sending message 112 to peer 0x138008000 (9 bytes)
1667338047.902560 sending message 112 to peer 0x138008000 (12 bytes)
1667338047.902567 sending message 112 to peer 0x138008000 (9 bytes)
1667338047.902575 sending message 112 to peer 0x138008000 (6 bytes)
1667338047.902583 sending message 112 to peer 0x138008000 (13 bytes)
1667338047.902590 sending message 112 to peer 0x138008000 (8 bytes)
1667338047.902598 sending message 112 to peer 0x138008000 (15 bytes)
1667338047.902605 sending message 112 to peer 0x138008000 (13 bytes)
1667338047.902613 sending message 112 to peer 0x138008000 (70 bytes)
1667338047.902620 sending message 112 to peer 0x138008000 (69 bytes)
1667338047.902628 sending message 112 to peer 0x138008000 (10 bytes)
1667338047.902636 sending message 112 to peer 0x138008000 (8 bytes)
1667338047.902643 sending message 112 to peer 0x138008000 (15 bytes)
1667338047.902651 sending message 112 to peer 0x138008000 (13 bytes)
1667338047.902659 sending message 112 to peer 0x138008000 (10 bytes)
1667338047.902666 sending message 112 to peer 0x138008000 (10 bytes)
1667338047.902674 sending message 112 to peer 0x138008000 (5 bytes)
1667338047.902682 sending message 112 to peer 0x138008000 (15 bytes)
1667338047.902694 sending message 104 to peer 0x138008000 (0 bytes)
1667338047.902703 sending message 110 to peer 0x138008000 (0 bytes)
1667338047.902712 sending message 107 to peer 0x138008000 (4 bytes)
1667338047.902719 sending message 105 to peer 0x138008000 (20 bytes)
1667338047.902727 sending message 105 to peer 0x138008000 (22 bytes)
1667338047.902734 sending message 105 to peer 0x138008000 (64 bytes)
1667338047.902742 sending message 105 to peer 0x138008000 (27 bytes)
1667338047.902750 sending message 105 to peer 0x138008000 (37 bytes)
1667338047.902758 sending message 105 to peer 0x138008000 (30 bytes)
1667338047.902765 sending message 105 to peer 0x138008000 (34 bytes)
1667338047.902773 sending message 105 to peer 0x138008000 (60 bytes)
1667338047.902780 sending message 105 to peer 0x138008000 (72 bytes)
1667338047.902788 sending message 105 to peer 0x138008000 (16 bytes)
1667338047.902796 sending message 105 to peer 0x138008000 (60 bytes)
1667338047.902807 sending message 105 to peer 0x138008000 (18 bytes)
1667338047.902814 sending message 105 to peer 0x138008000 (17 bytes)
1667338047.902822 sending message 105 to peer 0x138008000 (8 bytes)
1667338047.902829 sending message 105 to peer 0x138008000 (23 bytes)
1667338047.902837 sending message 105 to peer 0x138008000 (32 bytes)
1667338047.902845 sending message 105 to peer 0x138008000 (189 bytes)
1667338047.902852 sending message 105 to peer 0x138008000 (37 bytes)
1667338047.902860 sending message 105 to peer 0x138008000 (11 bytes)
1667338047.902868 sending message 105 to peer 0x138008000 (359 bytes)
1667338047.902876 sending message 105 to peer 0x138008000 (40 bytes)
1667338047.902884 sending message 105 to peer 0x138008000 (15 bytes)
1667338047.902892 sending message 105 to peer 0x138008000 (8 bytes)
1667338047.902899 sending message 105 to peer 0x138008000 (66 bytes)
1667338047.902907 sending message 105 to peer 0x138008000 (21 bytes)
1667338047.902928 sending message 105 to peer 0x138008000 (67 bytes)
1667338047.902936 sending message 105 to peer 0x138008000 (18 bytes)
1667338047.902944 sending message 105 to peer 0x138008000 (26 bytes)
1667338047.902951 sending message 105 to peer 0x138008000 (57 bytes)
1667338047.902958 sending message 105 to peer 0x138008000 (43 bytes)
1667338047.902966 sending message 105 to peer 0x138008000 (13 bytes)
1667338047.902974 sending message 105 to peer 0x138008000 (20 bytes)
1667338047.902981 sending message 105 to peer 0x138008000 (13 bytes)
1667338047.902989 sending message 105 to peer 0x138008000 (14 bytes)
1667338047.902996 sending message 105 to peer 0x138008000 (19 bytes)
1667338047.903004 sending message 105 to peer 0x138008000 (37 bytes)
1667338047.903012 sending message 105 to peer 0x138008000 (42 bytes)
1667338047.903020 sending message 105 to peer 0x138008000 (38 bytes)
1667338047.903027 sending message 105 to peer 0x138008000 (12 bytes)
1667338047.903035 sending message 105 to peer 0x138008000 (22 bytes)
1667338047.903042 sending message 105 to peer 0x138008000 (52 bytes)
1667338047.903050 sending message 105 to peer 0x138008000 (10 bytes)
1667338047.903058 sending message 105 to peer 0x138008000 (10 bytes)
1667338047.903065 sending message 105 to peer 0x138008000 (25 bytes)
1667338047.903073 sending message 106 to peer 0x138008000 (0 bytes)
1667338047.903154 sending message 200 to peer 0x138008000 (4 bytes)
1667338047.903165 client loop enter
1667338047.903430 peer 0x138008000 message 303
1667338047.903441 open write file 2 -
1667338047.903462 sending message 305 to peer 0x138008000 (8 bytes)
1667338047.903476 write check file 2
1667338047.903530 peer 0x138008000 message 304
1667338047.903541 write 58 to file 2
1667338047.903550 peer 0x138008000 message 203
1667338047.903558 file 2 58 bytes left
1667338047.903582 write check file 2
1667338047.903591 client loop exit
